
83. Executing CHECK pass (checking for obvious problems).
Checking module soc_core...
Warning: Wire soc_core.\sda_oen_o_Sys0_SS0_S5 is used but has no driver.
Warning: Wire soc_core.\sda_oen_o_Sys0_SS0_S4 is used but has no driver.
Warning: Wire soc_core.\sda_o_Sys0_SS0_S5 is used but has no driver.
Warning: Wire soc_core.\sda_o_Sys0_SS0_S4 is used but has no driver.
Warning: Wire soc_core.\scl_oen_o_Sys0_SS0_S5 is used but has no driver.
Warning: Wire soc_core.\scl_oen_o_Sys0_SS0_S4 is used but has no driver.
Warning: Wire soc_core.\scl_o_Sys0_SS0_S5 is used but has no driver.
Warning: Wire soc_core.\scl_o_Sys0_SS0_S4 is used but has no driver.
Warning: Wire soc_core.\pwm_Sys0_SS0_S7 is used but has no driver.
Warning: Wire soc_core.\pwm_Sys0_SS0_S6 is used but has no driver.
Warning: Wire soc_core.\fsclk_Sys0_S0 is used but has no driver.
Warning: Wire soc_core.\fdoe_Sys0_S0 is used but has no driver.
Warning: Wire soc_core.\fdo_Sys0_S0 [3] is used but has no driver.
Warning: Wire soc_core.\fdo_Sys0_S0 [2] is used but has no driver.
Warning: Wire soc_core.\fdo_Sys0_S0 [1] is used but has no driver.
Warning: Wire soc_core.\fdo_Sys0_S0 [0] is used but has no driver.
Warning: Wire soc_core.\fcen_Sys0_S0 is used but has no driver.
Warning: Wire soc_core.\SSn_Sys0_SS0_S3 is used but has no driver.
Warning: Wire soc_core.\SSn_Sys0_SS0_S2 is used but has no driver.
Warning: Wire soc_core.\SRAMWEN_Sys0_S1 [3] is used but has no driver.
Warning: Wire soc_core.\SRAMWEN_Sys0_S1 [2] is used but has no driver.
Warning: Wire soc_core.\SRAMWEN_Sys0_S1 [1] is used but has no driver.
Warning: Wire soc_core.\SRAMWEN_Sys0_S1 [0] is used but has no driver.
Warning: Wire soc_core.\SRAMWDATA_Sys0_S1 [31] is used but has no driver.
Warning: Wire soc_core.\SRAMWDATA_Sys0_S1 [30] is used but has no driver.
Warning: Wire soc_core.\SRAMWDATA_Sys0_S1 [29] is used but has no driver.
Warning: Wire soc_core.\SRAMWDATA_Sys0_S1 [28] is used but has no driver.
Warning: Wire soc_core.\SRAMWDATA_Sys0_S1 [27] is used but has no driver.
Warning: Wire soc_core.\SRAMWDATA_Sys0_S1 [26] is used but has no driver.
Warning: Wire soc_core.\SRAMWDATA_Sys0_S1 [25] is used but has no driver.
Warning: Wire soc_core.\SRAMWDATA_Sys0_S1 [24] is used but has no driver.
Warning: Wire soc_core.\SRAMWDATA_Sys0_S1 [23] is used but has no driver.
Warning: Wire soc_core.\SRAMWDATA_Sys0_S1 [22] is used but has no driver.
Warning: Wire soc_core.\SRAMWDATA_Sys0_S1 [21] is used but has no driver.
Warning: Wire soc_core.\SRAMWDATA_Sys0_S1 [20] is used but has no driver.
Warning: Wire soc_core.\SRAMWDATA_Sys0_S1 [19] is used but has no driver.
Warning: Wire soc_core.\SRAMWDATA_Sys0_S1 [18] is used but has no driver.
Warning: Wire soc_core.\SRAMWDATA_Sys0_S1 [17] is used but has no driver.
Warning: Wire soc_core.\SRAMWDATA_Sys0_S1 [16] is used but has no driver.
Warning: Wire soc_core.\SRAMWDATA_Sys0_S1 [15] is used but has no driver.
Warning: Wire soc_core.\SRAMWDATA_Sys0_S1 [14] is used but has no driver.
Warning: Wire soc_core.\SRAMWDATA_Sys0_S1 [13] is used but has no driver.
Warning: Wire soc_core.\SRAMWDATA_Sys0_S1 [12] is used but has no driver.
Warning: Wire soc_core.\SRAMWDATA_Sys0_S1 [11] is used but has no driver.
Warning: Wire soc_core.\SRAMWDATA_Sys0_S1 [10] is used but has no driver.
Warning: Wire soc_core.\SRAMWDATA_Sys0_S1 [9] is used but has no driver.
Warning: Wire soc_core.\SRAMWDATA_Sys0_S1 [8] is used but has no driver.
Warning: Wire soc_core.\SRAMWDATA_Sys0_S1 [7] is used but has no driver.
Warning: Wire soc_core.\SRAMWDATA_Sys0_S1 [6] is used but has no driver.
Warning: Wire soc_core.\SRAMWDATA_Sys0_S1 [5] is used but has no driver.
Warning: Wire soc_core.\SRAMWDATA_Sys0_S1 [4] is used but has no driver.
Warning: Wire soc_core.\SRAMWDATA_Sys0_S1 [3] is used but has no driver.
Warning: Wire soc_core.\SRAMWDATA_Sys0_S1 [2] is used but has no driver.
Warning: Wire soc_core.\SRAMWDATA_Sys0_S1 [1] is used but has no driver.
Warning: Wire soc_core.\SRAMWDATA_Sys0_S1 [0] is used but has no driver.
Warning: Wire soc_core.\SRAMCS0_Sys0_S1 is used but has no driver.
Warning: Wire soc_core.\SRAMADDR_Sys0_S1 [11] is used but has no driver.
Warning: Wire soc_core.\SRAMADDR_Sys0_S1 [10] is used but has no driver.
Warning: Wire soc_core.\SRAMADDR_Sys0_S1 [9] is used but has no driver.
Warning: Wire soc_core.\SRAMADDR_Sys0_S1 [8] is used but has no driver.
Warning: Wire soc_core.\SRAMADDR_Sys0_S1 [7] is used but has no driver.
Warning: Wire soc_core.\SRAMADDR_Sys0_S1 [6] is used but has no driver.
Warning: Wire soc_core.\SRAMADDR_Sys0_S1 [5] is used but has no driver.
Warning: Wire soc_core.\SRAMADDR_Sys0_S1 [4] is used but has no driver.
Warning: Wire soc_core.\SRAMADDR_Sys0_S1 [3] is used but has no driver.
Warning: Wire soc_core.\SRAMADDR_Sys0_S1 [2] is used but has no driver.
Warning: Wire soc_core.\SRAMADDR_Sys0_S1 [1] is used but has no driver.
Warning: Wire soc_core.\SRAMADDR_Sys0_S1 [0] is used but has no driver.
Warning: Wire soc_core.\SCLK_Sys0_SS0_S3 is used but has no driver.
Warning: Wire soc_core.\SCLK_Sys0_SS0_S2 is used but has no driver.
Warning: Wire soc_core.\RsTx_Sys0_SS0_S1 is used but has no driver.
Warning: Wire soc_core.\RsTx_Sys0_SS0_S0 is used but has no driver.
Warning: Wire soc_core.\MSO_Sys0_SS0_S3 is used but has no driver.
Warning: Wire soc_core.\MSO_Sys0_SS0_S2 is used but has no driver.
Warning: Wire soc_core.\GPIOPU_Sys0_S2 [15] is used but has no driver.
Warning: Wire soc_core.\GPIOPU_Sys0_S2 [14] is used but has no driver.
Warning: Wire soc_core.\GPIOPU_Sys0_S2 [13] is used but has no driver.
Warning: Wire soc_core.\GPIOPU_Sys0_S2 [12] is used but has no driver.
Warning: Wire soc_core.\GPIOPU_Sys0_S2 [11] is used but has no driver.
Warning: Wire soc_core.\GPIOPU_Sys0_S2 [10] is used but has no driver.
Warning: Wire soc_core.\GPIOPU_Sys0_S2 [9] is used but has no driver.
Warning: Wire soc_core.\GPIOPU_Sys0_S2 [8] is used but has no driver.
Warning: Wire soc_core.\GPIOPU_Sys0_S2 [7] is used but has no driver.
Warning: Wire soc_core.\GPIOPU_Sys0_S2 [6] is used but has no driver.
Warning: Wire soc_core.\GPIOPU_Sys0_S2 [5] is used but has no driver.
Warning: Wire soc_core.\GPIOPU_Sys0_S2 [4] is used but has no driver.
Warning: Wire soc_core.\GPIOPU_Sys0_S2 [3] is used but has no driver.
Warning: Wire soc_core.\GPIOPU_Sys0_S2 [2] is used but has no driver.
Warning: Wire soc_core.\GPIOPU_Sys0_S2 [1] is used but has no driver.
Warning: Wire soc_core.\GPIOPU_Sys0_S2 [0] is used but has no driver.
Warning: Wire soc_core.\GPIOPD_Sys0_S2 [15] is used but has no driver.
Warning: Wire soc_core.\GPIOPD_Sys0_S2 [14] is used but has no driver.
Warning: Wire soc_core.\GPIOPD_Sys0_S2 [13] is used but has no driver.
Warning: Wire soc_core.\GPIOPD_Sys0_S2 [12] is used but has no driver.
Warning: Wire soc_core.\GPIOPD_Sys0_S2 [11] is used but has no driver.
Warning: Wire soc_core.\GPIOPD_Sys0_S2 [10] is used but has no driver.
Warning: Wire soc_core.\GPIOPD_Sys0_S2 [9] is used but has no driver.
Warning: Wire soc_core.\GPIOPD_Sys0_S2 [8] is used but has no driver.
Warning: Wire soc_core.\GPIOPD_Sys0_S2 [7] is used but has no driver.
Warning: Wire soc_core.\GPIOPD_Sys0_S2 [6] is used but has no driver.
Warning: Wire soc_core.\GPIOPD_Sys0_S2 [5] is used but has no driver.
Warning: Wire soc_core.\GPIOPD_Sys0_S2 [4] is used but has no driver.
Warning: Wire soc_core.\GPIOPD_Sys0_S2 [3] is used but has no driver.
Warning: Wire soc_core.\GPIOPD_Sys0_S2 [2] is used but has no driver.
Warning: Wire soc_core.\GPIOPD_Sys0_S2 [1] is used but has no driver.
Warning: Wire soc_core.\GPIOPD_Sys0_S2 [0] is used but has no driver.
Warning: Wire soc_core.\GPIOOUT_Sys0_S2 [15] is used but has no driver.
Warning: Wire soc_core.\GPIOOUT_Sys0_S2 [14] is used but has no driver.
Warning: Wire soc_core.\GPIOOUT_Sys0_S2 [13] is used but has no driver.
Warning: Wire soc_core.\GPIOOUT_Sys0_S2 [12] is used but has no driver.
Warning: Wire soc_core.\GPIOOUT_Sys0_S2 [11] is used but has no driver.
Warning: Wire soc_core.\GPIOOUT_Sys0_S2 [10] is used but has no driver.
Warning: Wire soc_core.\GPIOOUT_Sys0_S2 [9] is used but has no driver.
Warning: Wire soc_core.\GPIOOUT_Sys0_S2 [8] is used but has no driver.
Warning: Wire soc_core.\GPIOOUT_Sys0_S2 [7] is used but has no driver.
Warning: Wire soc_core.\GPIOOUT_Sys0_S2 [6] is used but has no driver.
Warning: Wire soc_core.\GPIOOUT_Sys0_S2 [5] is used but has no driver.
Warning: Wire soc_core.\GPIOOUT_Sys0_S2 [4] is used but has no driver.
Warning: Wire soc_core.\GPIOOUT_Sys0_S2 [3] is used but has no driver.
Warning: Wire soc_core.\GPIOOUT_Sys0_S2 [2] is used but has no driver.
Warning: Wire soc_core.\GPIOOUT_Sys0_S2 [1] is used but has no driver.
Warning: Wire soc_core.\GPIOOUT_Sys0_S2 [0] is used but has no driver.
Warning: Wire soc_core.\GPIOOEN_Sys0_S2 [15] is used but has no driver.
Warning: Wire soc_core.\GPIOOEN_Sys0_S2 [14] is used but has no driver.
Warning: Wire soc_core.\GPIOOEN_Sys0_S2 [13] is used but has no driver.
Warning: Wire soc_core.\GPIOOEN_Sys0_S2 [12] is used but has no driver.
Warning: Wire soc_core.\GPIOOEN_Sys0_S2 [11] is used but has no driver.
Warning: Wire soc_core.\GPIOOEN_Sys0_S2 [10] is used but has no driver.
Warning: Wire soc_core.\GPIOOEN_Sys0_S2 [9] is used but has no driver.
Warning: Wire soc_core.\GPIOOEN_Sys0_S2 [8] is used but has no driver.
Warning: Wire soc_core.\GPIOOEN_Sys0_S2 [7] is used but has no driver.
Warning: Wire soc_core.\GPIOOEN_Sys0_S2 [6] is used but has no driver.
Warning: Wire soc_core.\GPIOOEN_Sys0_S2 [5] is used but has no driver.
Warning: Wire soc_core.\GPIOOEN_Sys0_S2 [4] is used but has no driver.
Warning: Wire soc_core.\GPIOOEN_Sys0_S2 [3] is used but has no driver.
Warning: Wire soc_core.\GPIOOEN_Sys0_S2 [2] is used but has no driver.
Warning: Wire soc_core.\GPIOOEN_Sys0_S2 [1] is used but has no driver.
Warning: Wire soc_core.\GPIOOEN_Sys0_S2 [0] is used but has no driver.
Found and reported 138 problems.
