
84. Printing statistics.

=== soc_core ===

   Number of wires:              65855
   Number of wire bits:          66035
   Number of public wires:        9762
   Number of public wire bits:    9942
   Number of memories:               0
   Number of memory bits:            0
   Number of processes:              0
   Number of cells:              65947
     sky130_fd_sc_hd__a2111o_2      38
     sky130_fd_sc_hd__a2111oi_2      1
     sky130_fd_sc_hd__a211o_2      510
     sky130_fd_sc_hd__a211o_4        1
     sky130_fd_sc_hd__a211oi_2      98
     sky130_fd_sc_hd__a21bo_2      187
     sky130_fd_sc_hd__a21boi_2      63
     sky130_fd_sc_hd__a21o_2      1429
     sky130_fd_sc_hd__a21oi_2      999
     sky130_fd_sc_hd__a21oi_4        2
     sky130_fd_sc_hd__a221o_2      608
     sky130_fd_sc_hd__a221oi_2      13
     sky130_fd_sc_hd__a22o_2      1147
     sky130_fd_sc_hd__a22oi_2      217
     sky130_fd_sc_hd__a2bb2o_2     166
     sky130_fd_sc_hd__a2bb2oi_2      3
     sky130_fd_sc_hd__a311o_2       80
     sky130_fd_sc_hd__a311oi_2       6
     sky130_fd_sc_hd__a31o_2       566
     sky130_fd_sc_hd__a31oi_2       47
     sky130_fd_sc_hd__a32o_2       182
     sky130_fd_sc_hd__a32oi_2       12
     sky130_fd_sc_hd__a41o_2        25
     sky130_fd_sc_hd__a41oi_2        1
     sky130_fd_sc_hd__and2_2      1305
     sky130_fd_sc_hd__and2_4         5
     sky130_fd_sc_hd__and2b_2      445
     sky130_fd_sc_hd__and3_2       934
     sky130_fd_sc_hd__and3_4        15
     sky130_fd_sc_hd__and3b_2       45
     sky130_fd_sc_hd__and4_2       299
     sky130_fd_sc_hd__and4_4         3
     sky130_fd_sc_hd__and4b_2       43
     sky130_fd_sc_hd__and4b_4        1
     sky130_fd_sc_hd__and4bb_2      22
     sky130_fd_sc_hd__buf_1      18158
     sky130_fd_sc_hd__buf_2         37
     sky130_fd_sc_hd__buf_4         51
     sky130_fd_sc_hd__buf_6         19
     sky130_fd_sc_hd__bufbuf_8       2
     sky130_fd_sc_hd__conb_1         4
     sky130_fd_sc_hd__dfrtp_2     4029
     sky130_fd_sc_hd__dfstp_2       84
     sky130_fd_sc_hd__dfxtp_2     5584
     sky130_fd_sc_hd__inv_12         1
     sky130_fd_sc_hd__inv_2       1269
     sky130_fd_sc_hd__mux2_1         5
     sky130_fd_sc_hd__mux2_2      9742
     sky130_fd_sc_hd__mux4_2      1246
     sky130_fd_sc_hd__nand2_2     2672
     sky130_fd_sc_hd__nand2b_2      12
     sky130_fd_sc_hd__nand3_2      453
     sky130_fd_sc_hd__nand3b_2      33
     sky130_fd_sc_hd__nand4_2      123
     sky130_fd_sc_hd__nand4bb_2      2
     sky130_fd_sc_hd__nor2_2      2461
     sky130_fd_sc_hd__nor2b_2       16
     sky130_fd_sc_hd__nor3_2       175
     sky130_fd_sc_hd__nor3b_2       18
     sky130_fd_sc_hd__nor4_2        34
     sky130_fd_sc_hd__nor4b_2        3
     sky130_fd_sc_hd__o2111a_2      18
     sky130_fd_sc_hd__o2111ai_2      1
     sky130_fd_sc_hd__o211a_2      799
     sky130_fd_sc_hd__o211ai_2     121
     sky130_fd_sc_hd__o21a_2       846
     sky130_fd_sc_hd__o21ai_2      920
     sky130_fd_sc_hd__o21ba_2      159
     sky130_fd_sc_hd__o21bai_2      95
     sky130_fd_sc_hd__o221a_2      695
     sky130_fd_sc_hd__o221ai_2      26
     sky130_fd_sc_hd__o22a_2       293
     sky130_fd_sc_hd__o22ai_2       39
     sky130_fd_sc_hd__o2bb2a_2     136
     sky130_fd_sc_hd__o2bb2ai_2      9
     sky130_fd_sc_hd__o311a_2       91
     sky130_fd_sc_hd__o311ai_2       3
     sky130_fd_sc_hd__o31a_2       125
     sky130_fd_sc_hd__o31ai_2       46
     sky130_fd_sc_hd__o32a_2        60
     sky130_fd_sc_hd__o32a_4         1
     sky130_fd_sc_hd__o32ai_2        2
     sky130_fd_sc_hd__o41a_2         8
     sky130_fd_sc_hd__or2_2       1866
     sky130_fd_sc_hd__or2_4          3
     sky130_fd_sc_hd__or2b_2       342
     sky130_fd_sc_hd__or3_2        463
     sky130_fd_sc_hd__or3_4         21
     sky130_fd_sc_hd__or3b_2       160
     sky130_fd_sc_hd__or3b_4         3
     sky130_fd_sc_hd__or4_2        205
     sky130_fd_sc_hd__or4_4          7
     sky130_fd_sc_hd__or4b_2        65
     sky130_fd_sc_hd__or4b_4         5
     sky130_fd_sc_hd__or4bb_2       26
     sky130_fd_sc_hd__xnor2_2     1850
     sky130_fd_sc_hd__xor2_2       687

   Chip area for module '\soc_core': 676780.336000

