OpenROAD c1c315118e68926dfff368f85e13bf50adaa920f 
This program is licensed under the BSD-3 license. See the LICENSE file for details.
Components of this program may be licensed under more restrictive licenses which must be honored.
[INFO ODB-0222] Reading LEF file: /openlane/designs/soc_core/runs/RUN_2022.04.28_12.53.35/tmp/merged.unpadded.nom.lef
[INFO ODB-0223]     Created 13 technology layers
[INFO ODB-0224]     Created 25 technology vias
[INFO ODB-0225]     Created 441 library cells
[INFO ODB-0226] Finished LEF file:  /openlane/designs/soc_core/runs/RUN_2022.04.28_12.53.35/tmp/merged.unpadded.nom.lef
[INFO ODB-0127] Reading DEF file: /openlane/designs/soc_core/runs/RUN_2022.04.28_12.53.35/tmp/floorplan/4-io.def
[INFO ODB-0128] Design: soc_core
[INFO ODB-0130]     Created 226 pins.
[INFO ODB-0131]     Created 65947 components and 483887 component-terminals.
[INFO ODB-0133]     Created 66035 nets and 220095 connections.
[INFO ODB-0134] Finished DEF file: /openlane/designs/soc_core/runs/RUN_2022.04.28_12.53.35/tmp/floorplan/4-io.def
[WARNING TAP-0014] endcap_cpp option is deprecated.
[INFO TAP-0001] Found 0 macro blocks.
[INFO TAP-0002] Original rows: 450
[INFO TAP-0003] Created 0 rows for a total of 450 rows.
[INFO TAP-0004] Inserted 900 endcaps.
[INFO TAP-0005] Inserted 21470 tapcells.
