OpenROAD c1c315118e68926dfff368f85e13bf50adaa920f 
This program is licensed under the BSD-3 license. See the LICENSE file for details.
Components of this program may be licensed under more restrictive licenses which must be honored.
[INFO ODB-0222] Reading LEF file: /openlane/designs/soc_core/runs/RUN_2022.04.28_12.53.35/tmp/merged.unpadded.nom.lef
[INFO ODB-0223]     Created 13 technology layers
[INFO ODB-0224]     Created 25 technology vias
[INFO ODB-0225]     Created 441 library cells
[INFO ODB-0226] Finished LEF file:  /openlane/designs/soc_core/runs/RUN_2022.04.28_12.53.35/tmp/merged.unpadded.nom.lef
[INFO ODB-0127] Reading DEF file: /openlane/designs/soc_core/runs/RUN_2022.04.28_12.53.35/tmp/routing/15-resizer_timing.def
[INFO ODB-0128] Design: soc_core
[INFO ODB-0130]     Created 228 pins.
[INFO ODB-0131]     Created 93353 components and 560643 component-terminals.
[INFO ODB-0132]     Created 2 special nets and 330472 connections.
[INFO ODB-0133]     Created 71071 nets and 230167 connections.
[INFO ODB-0134] Finished DEF file: /openlane/designs/soc_core/runs/RUN_2022.04.28_12.53.35/tmp/routing/15-resizer_timing.def
Placement Analysis
---------------------------------
total displacement          0.0 u
average displacement        0.0 u
max displacement            0.0 u
original HPWL         3306437.2 u
legalized HPWL        3355039.4 u
delta HPWL                    1 %

[INFO DPL-0020] Mirrored 26765 instances
[INFO DPL-0021] HPWL before          3355039.4 u
[INFO DPL-0022] HPWL after           3306437.2 u
[INFO DPL-0023] HPWL delta               -1.4 %
